[2021-03-15 14:20:33] local.ERROR: Please provide a valid cache path. {"exception":"[object] (InvalidArgumentException(code: 0): Please provide a valid cache path. at D:\\GH Repos\\cis-355-intern-project-lara\\vendor\\laravel\\framework\\src\\Illuminate\\View\\Compilers\\Compiler.php:36)
[stacktrace]
#0 D:\\GH Repos\\cis-355-intern-project-lara\\vendor\\laravel\\framework\\src\\Illuminate\\View\\ViewServiceProvider.php(88): Illuminate\\View\\Compilers\\Compiler->__construct(Object(Illuminate\\Filesystem\\Filesystem), false)
#1 D:\\GH Repos\\cis-355-intern-project-lara\\vendor\\laravel\\framework\\src\\Illuminate\\Container\\Container.php(826): Illuminate\\View\\ViewServiceProvider->Illuminate\\View\\{closure}(Object(Illuminate\\Foundation\\Application), Array)
#2 D:\\GH Repos\\cis-355-intern-project-lara\\vendor\\laravel\\framework\\src\\Illuminate\\Container\\Container.php(712): Illuminate\\Container\\Container->build(Object(Closure))
#3 D:\\GH Repos\\cis-355-intern-project-lara\\vendor\\laravel\\framework\\src\\Illuminate\\Foundation\\Application.php(826): Illuminate\\Container\\Container->resolve('blade.compiler', Array, true)
#4 D:\\GH Repos\\cis-355-intern-project-lara\\vendor\\laravel\\framework\\src\\Illuminate\\Container\\Container.php(651): Illuminate\\Foundation\\Application->resolve('blade.compiler', Array)
#5 D:\\GH Repos\\cis-355-intern-project-lara\\vendor\\laravel\\framework\\src\\Illuminate\\Foundation\\Application.php(811): Illuminate\\Container\\Container->make('blade.compiler', Array)
#6 D:\\GH Repos\\cis-355-intern-project-lara\\vendor\\laravel\\framework\\src\\Illuminate\\Container\\Container.php(1354): Illuminate\\Foundation\\Application->make('blade.compiler')
#7 D:\\GH Repos\\cis-355-intern-project-lara\\vendor\\laravel\\framework\\src\\Illuminate\\View\\ViewServiceProvider.php(150): Illuminate\\Container\\Container->offsetGet('blade.compiler')
#8 [internal function]: Illuminate\\View\\ViewServiceProvider->Illuminate\\View\\{closure}()
#9 D:\\GH Repos\\cis-355-intern-project-lara\\vendor\\laravel\\framework\\src\\Illuminate\\View\\Engines\\EngineResolver.php(55): call_user_func(Object(Closure))
#10 D:\\GH Repos\\cis-355-intern-project-lara\\vendor\\facade\\ignition\\src\\IgnitionServiceProvider.php(420): Illuminate\\View\\Engines\\EngineResolver->resolve('blade')
#11 D:\\GH Repos\\cis-355-intern-project-lara\\vendor\\facade\\ignition\\src\\IgnitionServiceProvider.php(139): Facade\\Ignition\\IgnitionServiceProvider->hasCustomViewEnginesRegistered()
#12 D:\\GH Repos\\cis-355-intern-project-lara\\vendor\\facade\\ignition\\src\\IgnitionServiceProvider.php(89): Facade\\Ignition\\IgnitionServiceProvider->registerViewEngines()
#13 D:\\GH Repos\\cis-355-intern-project-lara\\vendor\\laravel\\framework\\src\\Illuminate\\Container\\BoundMethod.php(36): Facade\\Ignition\\IgnitionServiceProvider->boot()
#14 D:\\GH Repos\\cis-355-intern-project-lara\\vendor\\laravel\\framework\\src\\Illuminate\\Container\\Util.php(40): Illuminate\\Container\\BoundMethod::Illuminate\\Container\\{closure}()
#15 D:\\GH Repos\\cis-355-intern-project-lara\\vendor\\laravel\\framework\\src\\Illuminate\\Container\\BoundMethod.php(93): Illuminate\\Container\\Util::unwrapIfClosure(Object(Closure))
#16 D:\\GH Repos\\cis-355-intern-project-lara\\vendor\\laravel\\framework\\src\\Illuminate\\Container\\BoundMethod.php(37): Illuminate\\Container\\BoundMethod::callBoundMethod(Object(Illuminate\\Foundation\\Application), Array, Object(Closure))
#17 D:\\GH Repos\\cis-355-intern-project-lara\\vendor\\laravel\\framework\\src\\Illuminate\\Container\\Container.php(610): Illuminate\\Container\\BoundMethod::call(Object(Illuminate\\Foundation\\Application), Array, Array, NULL)
#18 D:\\GH Repos\\cis-355-intern-project-lara\\vendor\\laravel\\framework\\src\\Illuminate\\Foundation\\Application.php(899): Illuminate\\Container\\Container->call(Array)
#19 D:\\GH Repos\\cis-355-intern-project-lara\\vendor\\laravel\\framework\\src\\Illuminate\\Foundation\\Application.php(880): Illuminate\\Foundation\\Application->bootProvider(Object(Facade\\Ignition\\IgnitionServiceProvider))
#20 [internal function]: Illuminate\\Foundation\\Application->Illuminate\\Foundation\\{closure}(Object(Facade\\Ignition\\IgnitionServiceProvider), 15)
#21 D:\\GH Repos\\cis-355-intern-project-lara\\vendor\\laravel\\framework\\src\\Illuminate\\Foundation\\Application.php(881): array_walk(Array, Object(Closure))
#22 D:\\GH Repos\\cis-355-intern-project-lara\\vendor\\laravel\\framework\\src\\Illuminate\\Foundation\\Bootstrap\\BootProviders.php(17): Illuminate\\Foundation\\Application->boot()
#23 D:\\GH Repos\\cis-355-intern-project-lara\\vendor\\laravel\\framework\\src\\Illuminate\\Foundation\\Application.php(237): Illuminate\\Foundation\\Bootstrap\\BootProviders->bootstrap(Object(Illuminate\\Foundation\\Application))
#24 D:\\GH Repos\\cis-355-intern-project-lara\\vendor\\laravel\\framework\\src\\Illuminate\\Foundation\\Console\\Kernel.php(310): Illuminate\\Foundation\\Application->bootstrapWith(Array)
#25 D:\\GH Repos\\cis-355-intern-project-lara\\vendor\\laravel\\framework\\src\\Illuminate\\Foundation\\Console\\Kernel.php(127): Illuminate\\Foundation\\Console\\Kernel->bootstrap()
#26 D:\\GH Repos\\cis-355-intern-project-lara\\artisan(37): Illuminate\\Foundation\\Console\\Kernel->handle(Object(Symfony\\Component\\Console\\Input\\ArgvInput), Object(Symfony\\Component\\Console\\Output\\ConsoleOutput))
#27 {main}
"} 
[2021-03-15 14:21:13] local.ERROR: Please provide a valid cache path. {"exception":"[object] (InvalidArgumentException(code: 0): Please provide a valid cache path. at D:\\GH Repos\\cis-355-intern-project-lara\\vendor\\laravel\\framework\\src\\Illuminate\\View\\Compilers\\Compiler.php:36)
[stacktrace]
#0 D:\\GH Repos\\cis-355-intern-project-lara\\vendor\\laravel\\framework\\src\\Illuminate\\View\\ViewServiceProvider.php(88): Illuminate\\View\\Compilers\\Compiler->__construct(Object(Illuminate\\Filesystem\\Filesystem), false)
#1 D:\\GH Repos\\cis-355-intern-project-lara\\vendor\\laravel\\framework\\src\\Illuminate\\Container\\Container.php(826): Illuminate\\View\\ViewServiceProvider->Illuminate\\View\\{closure}(Object(Illuminate\\Foundation\\Application), Array)
#2 D:\\GH Repos\\cis-355-intern-project-lara\\vendor\\laravel\\framework\\src\\Illuminate\\Container\\Container.php(712): Illuminate\\Container\\Container->build(Object(Closure))
#3 D:\\GH Repos\\cis-355-intern-project-lara\\vendor\\laravel\\framework\\src\\Illuminate\\Foundation\\Application.php(826): Illuminate\\Container\\Container->resolve('blade.compiler', Array, true)
#4 D:\\GH Repos\\cis-355-intern-project-lara\\vendor\\laravel\\framework\\src\\Illuminate\\Container\\Container.php(651): Illuminate\\Foundation\\Application->resolve('blade.compiler', Array)
#5 D:\\GH Repos\\cis-355-intern-project-lara\\vendor\\laravel\\framework\\src\\Illuminate\\Foundation\\Application.php(811): Illuminate\\Container\\Container->make('blade.compiler', Array)
#6 D:\\GH Repos\\cis-355-intern-project-lara\\vendor\\laravel\\framework\\src\\Illuminate\\Container\\Container.php(1354): Illuminate\\Foundation\\Application->make('blade.compiler')
#7 D:\\GH Repos\\cis-355-intern-project-lara\\vendor\\laravel\\framework\\src\\Illuminate\\View\\ViewServiceProvider.php(150): Illuminate\\Container\\Container->offsetGet('blade.compiler')
#8 [internal function]: Illuminate\\View\\ViewServiceProvider->Illuminate\\View\\{closure}()
#9 D:\\GH Repos\\cis-355-intern-project-lara\\vendor\\laravel\\framework\\src\\Illuminate\\View\\Engines\\EngineResolver.php(55): call_user_func(Object(Closure))
#10 D:\\GH Repos\\cis-355-intern-project-lara\\vendor\\facade\\ignition\\src\\IgnitionServiceProvider.php(420): Illuminate\\View\\Engines\\EngineResolver->resolve('blade')
#11 D:\\GH Repos\\cis-355-intern-project-lara\\vendor\\facade\\ignition\\src\\IgnitionServiceProvider.php(139): Facade\\Ignition\\IgnitionServiceProvider->hasCustomViewEnginesRegistered()
#12 D:\\GH Repos\\cis-355-intern-project-lara\\vendor\\facade\\ignition\\src\\IgnitionServiceProvider.php(89): Facade\\Ignition\\IgnitionServiceProvider->registerViewEngines()
#13 D:\\GH Repos\\cis-355-intern-project-lara\\vendor\\laravel\\framework\\src\\Illuminate\\Container\\BoundMethod.php(36): Facade\\Ignition\\IgnitionServiceProvider->boot()
#14 D:\\GH Repos\\cis-355-intern-project-lara\\vendor\\laravel\\framework\\src\\Illuminate\\Container\\Util.php(40): Illuminate\\Container\\BoundMethod::Illuminate\\Container\\{closure}()
#15 D:\\GH Repos\\cis-355-intern-project-lara\\vendor\\laravel\\framework\\src\\Illuminate\\Container\\BoundMethod.php(93): Illuminate\\Container\\Util::unwrapIfClosure(Object(Closure))
#16 D:\\GH Repos\\cis-355-intern-project-lara\\vendor\\laravel\\framework\\src\\Illuminate\\Container\\BoundMethod.php(37): Illuminate\\Container\\BoundMethod::callBoundMethod(Object(Illuminate\\Foundation\\Application), Array, Object(Closure))
#17 D:\\GH Repos\\cis-355-intern-project-lara\\vendor\\laravel\\framework\\src\\Illuminate\\Container\\Container.php(610): Illuminate\\Container\\BoundMethod::call(Object(Illuminate\\Foundation\\Application), Array, Array, NULL)
#18 D:\\GH Repos\\cis-355-intern-project-lara\\vendor\\laravel\\framework\\src\\Illuminate\\Foundation\\Application.php(899): Illuminate\\Container\\Container->call(Array)
#19 D:\\GH Repos\\cis-355-intern-project-lara\\vendor\\laravel\\framework\\src\\Illuminate\\Foundation\\Application.php(880): Illuminate\\Foundation\\Application->bootProvider(Object(Facade\\Ignition\\IgnitionServiceProvider))
#20 [internal function]: Illuminate\\Foundation\\Application->Illuminate\\Foundation\\{closure}(Object(Facade\\Ignition\\IgnitionServiceProvider), 15)
#21 D:\\GH Repos\\cis-355-intern-project-lara\\vendor\\laravel\\framework\\src\\Illuminate\\Foundation\\Application.php(881): array_walk(Array, Object(Closure))
#22 D:\\GH Repos\\cis-355-intern-project-lara\\vendor\\laravel\\framework\\src\\Illuminate\\Foundation\\Bootstrap\\BootProviders.php(17): Illuminate\\Foundation\\Application->boot()
#23 D:\\GH Repos\\cis-355-intern-project-lara\\vendor\\laravel\\framework\\src\\Illuminate\\Foundation\\Application.php(237): Illuminate\\Foundation\\Bootstrap\\BootProviders->bootstrap(Object(Illuminate\\Foundation\\Application))
#24 D:\\GH Repos\\cis-355-intern-project-lara\\vendor\\laravel\\framework\\src\\Illuminate\\Foundation\\Console\\Kernel.php(310): Illuminate\\Foundation\\Application->bootstrapWith(Array)
#25 D:\\GH Repos\\cis-355-intern-project-lara\\vendor\\laravel\\framework\\src\\Illuminate\\Foundation\\Console\\Kernel.php(127): Illuminate\\Foundation\\Console\\Kernel->bootstrap()
#26 D:\\GH Repos\\cis-355-intern-project-lara\\artisan(37): Illuminate\\Foundation\\Console\\Kernel->handle(Object(Symfony\\Component\\Console\\Input\\ArgvInput), Object(Symfony\\Component\\Console\\Output\\ConsoleOutput))
#27 {main}
"} 
[2021-03-15 14:23:36] local.ERROR: Please provide a valid cache path. {"exception":"[object] (InvalidArgumentException(code: 0): Please provide a valid cache path. at D:\\GH Repos\\cis-355-intern-project-lara\\vendor\\laravel\\framework\\src\\Illuminate\\View\\Compilers\\Compiler.php:36)
[stacktrace]
#0 D:\\GH Repos\\cis-355-intern-project-lara\\vendor\\laravel\\framework\\src\\Illuminate\\View\\ViewServiceProvider.php(88): Illuminate\\View\\Compilers\\Compiler->__construct(Object(Illuminate\\Filesystem\\Filesystem), false)
#1 D:\\GH Repos\\cis-355-intern-project-lara\\vendor\\laravel\\framework\\src\\Illuminate\\Container\\Container.php(826): Illuminate\\View\\ViewServiceProvider->Illuminate\\View\\{closure}(Object(Illuminate\\Foundation\\Application), Array)
#2 D:\\GH Repos\\cis-355-intern-project-lara\\vendor\\laravel\\framework\\src\\Illuminate\\Container\\Container.php(712): Illuminate\\Container\\Container->build(Object(Closure))
#3 D:\\GH Repos\\cis-355-intern-project-lara\\vendor\\laravel\\framework\\src\\Illuminate\\Foundation\\Application.php(826): Illuminate\\Container\\Container->resolve('blade.compiler', Array, true)
#4 D:\\GH Repos\\cis-355-intern-project-lara\\vendor\\laravel\\framework\\src\\Illuminate\\Container\\Container.php(651): Illuminate\\Foundation\\Application->resolve('blade.compiler', Array)
#5 D:\\GH Repos\\cis-355-intern-project-lara\\vendor\\laravel\\framework\\src\\Illuminate\\Foundation\\Application.php(811): Illuminate\\Container\\Container->make('blade.compiler', Array)
#6 D:\\GH Repos\\cis-355-intern-project-lara\\vendor\\laravel\\framework\\src\\Illuminate\\Container\\Container.php(1354): Illuminate\\Foundation\\Application->make('blade.compiler')
#7 D:\\GH Repos\\cis-355-intern-project-lara\\vendor\\laravel\\framework\\src\\Illuminate\\View\\ViewServiceProvider.php(150): Illuminate\\Container\\Container->offsetGet('blade.compiler')
#8 [internal function]: Illuminate\\View\\ViewServiceProvider->Illuminate\\View\\{closure}()
#9 D:\\GH Repos\\cis-355-intern-project-lara\\vendor\\laravel\\framework\\src\\Illuminate\\View\\Engines\\EngineResolver.php(55): call_user_func(Object(Closure))
#10 D:\\GH Repos\\cis-355-intern-project-lara\\vendor\\facade\\ignition\\src\\IgnitionServiceProvider.php(420): Illuminate\\View\\Engines\\EngineResolver->resolve('blade')
#11 D:\\GH Repos\\cis-355-intern-project-lara\\vendor\\facade\\ignition\\src\\IgnitionServiceProvider.php(139): Facade\\Ignition\\IgnitionServiceProvider->hasCustomViewEnginesRegistered()
#12 D:\\GH Repos\\cis-355-intern-project-lara\\vendor\\facade\\ignition\\src\\IgnitionServiceProvider.php(89): Facade\\Ignition\\IgnitionServiceProvider->registerViewEngines()
#13 D:\\GH Repos\\cis-355-intern-project-lara\\vendor\\laravel\\framework\\src\\Illuminate\\Container\\BoundMethod.php(36): Facade\\Ignition\\IgnitionServiceProvider->boot()
#14 D:\\GH Repos\\cis-355-intern-project-lara\\vendor\\laravel\\framework\\src\\Illuminate\\Container\\Util.php(40): Illuminate\\Container\\BoundMethod::Illuminate\\Container\\{closure}()
#15 D:\\GH Repos\\cis-355-intern-project-lara\\vendor\\laravel\\framework\\src\\Illuminate\\Container\\BoundMethod.php(93): Illuminate\\Container\\Util::unwrapIfClosure(Object(Closure))
#16 D:\\GH Repos\\cis-355-intern-project-lara\\vendor\\laravel\\framework\\src\\Illuminate\\Container\\BoundMethod.php(37): Illuminate\\Container\\BoundMethod::callBoundMethod(Object(Illuminate\\Foundation\\Application), Array, Object(Closure))
#17 D:\\GH Repos\\cis-355-intern-project-lara\\vendor\\laravel\\framework\\src\\Illuminate\\Container\\Container.php(610): Illuminate\\Container\\BoundMethod::call(Object(Illuminate\\Foundation\\Application), Array, Array, NULL)
#18 D:\\GH Repos\\cis-355-intern-project-lara\\vendor\\laravel\\framework\\src\\Illuminate\\Foundation\\Application.php(899): Illuminate\\Container\\Container->call(Array)
#19 D:\\GH Repos\\cis-355-intern-project-lara\\vendor\\laravel\\framework\\src\\Illuminate\\Foundation\\Application.php(880): Illuminate\\Foundation\\Application->bootProvider(Object(Facade\\Ignition\\IgnitionServiceProvider))
#20 [internal function]: Illuminate\\Foundation\\Application->Illuminate\\Foundation\\{closure}(Object(Facade\\Ignition\\IgnitionServiceProvider), 15)
#21 D:\\GH Repos\\cis-355-intern-project-lara\\vendor\\laravel\\framework\\src\\Illuminate\\Foundation\\Application.php(881): array_walk(Array, Object(Closure))
#22 D:\\GH Repos\\cis-355-intern-project-lara\\vendor\\laravel\\framework\\src\\Illuminate\\Foundation\\Bootstrap\\BootProviders.php(17): Illuminate\\Foundation\\Application->boot()
#23 D:\\GH Repos\\cis-355-intern-project-lara\\vendor\\laravel\\framework\\src\\Illuminate\\Foundation\\Application.php(237): Illuminate\\Foundation\\Bootstrap\\BootProviders->bootstrap(Object(Illuminate\\Foundation\\Application))
#24 D:\\GH Repos\\cis-355-intern-project-lara\\vendor\\laravel\\framework\\src\\Illuminate\\Foundation\\Console\\Kernel.php(310): Illuminate\\Foundation\\Application->bootstrapWith(Array)
#25 D:\\GH Repos\\cis-355-intern-project-lara\\vendor\\laravel\\framework\\src\\Illuminate\\Foundation\\Console\\Kernel.php(127): Illuminate\\Foundation\\Console\\Kernel->bootstrap()
#26 D:\\GH Repos\\cis-355-intern-project-lara\\artisan(37): Illuminate\\Foundation\\Console\\Kernel->handle(Object(Symfony\\Component\\Console\\Input\\ArgvInput), Object(Symfony\\Component\\Console\\Output\\ConsoleOutput))
#27 {main}
"} 
[2021-03-15 14:23:54] local.ERROR: Please provide a valid cache path. {"exception":"[object] (InvalidArgumentException(code: 0): Please provide a valid cache path. at D:\\GH Repos\\cis-355-intern-project-lara\\vendor\\laravel\\framework\\src\\Illuminate\\View\\Compilers\\Compiler.php:36)
[stacktrace]
#0 D:\\GH Repos\\cis-355-intern-project-lara\\vendor\\laravel\\framework\\src\\Illuminate\\View\\ViewServiceProvider.php(88): Illuminate\\View\\Compilers\\Compiler->__construct(Object(Illuminate\\Filesystem\\Filesystem), false)
#1 D:\\GH Repos\\cis-355-intern-project-lara\\vendor\\laravel\\framework\\src\\Illuminate\\Container\\Container.php(826): Illuminate\\View\\ViewServiceProvider->Illuminate\\View\\{closure}(Object(Illuminate\\Foundation\\Application), Array)
#2 D:\\GH Repos\\cis-355-intern-project-lara\\vendor\\laravel\\framework\\src\\Illuminate\\Container\\Container.php(712): Illuminate\\Container\\Container->build(Object(Closure))
#3 D:\\GH Repos\\cis-355-intern-project-lara\\vendor\\laravel\\framework\\src\\Illuminate\\Foundation\\Application.php(826): Illuminate\\Container\\Container->resolve('blade.compiler', Array, true)
#4 D:\\GH Repos\\cis-355-intern-project-lara\\vendor\\laravel\\framework\\src\\Illuminate\\Container\\Container.php(651): Illuminate\\Foundation\\Application->resolve('blade.compiler', Array)
#5 D:\\GH Repos\\cis-355-intern-project-lara\\vendor\\laravel\\framework\\src\\Illuminate\\Foundation\\Application.php(811): Illuminate\\Container\\Container->make('blade.compiler', Array)
#6 D:\\GH Repos\\cis-355-intern-project-lara\\vendor\\laravel\\framework\\src\\Illuminate\\Container\\Container.php(1354): Illuminate\\Foundation\\Application->make('blade.compiler')
#7 D:\\GH Repos\\cis-355-intern-project-lara\\vendor\\laravel\\framework\\src\\Illuminate\\View\\ViewServiceProvider.php(150): Illuminate\\Container\\Container->offsetGet('blade.compiler')
#8 [internal function]: Illuminate\\View\\ViewServiceProvider->Illuminate\\View\\{closure}()
#9 D:\\GH Repos\\cis-355-intern-project-lara\\vendor\\laravel\\framework\\src\\Illuminate\\View\\Engines\\EngineResolver.php(55): call_user_func(Object(Closure))
#10 D:\\GH Repos\\cis-355-intern-project-lara\\vendor\\facade\\ignition\\src\\IgnitionServiceProvider.php(420): Illuminate\\View\\Engines\\EngineResolver->resolve('blade')
#11 D:\\GH Repos\\cis-355-intern-project-lara\\vendor\\facade\\ignition\\src\\IgnitionServiceProvider.php(139): Facade\\Ignition\\IgnitionServiceProvider->hasCustomViewEnginesRegistered()
#12 D:\\GH Repos\\cis-355-intern-project-lara\\vendor\\facade\\ignition\\src\\IgnitionServiceProvider.php(89): Facade\\Ignition\\IgnitionServiceProvider->registerViewEngines()
#13 D:\\GH Repos\\cis-355-intern-project-lara\\vendor\\laravel\\framework\\src\\Illuminate\\Container\\BoundMethod.php(36): Facade\\Ignition\\IgnitionServiceProvider->boot()
#14 D:\\GH Repos\\cis-355-intern-project-lara\\vendor\\laravel\\framework\\src\\Illuminate\\Container\\Util.php(40): Illuminate\\Container\\BoundMethod::Illuminate\\Container\\{closure}()
#15 D:\\GH Repos\\cis-355-intern-project-lara\\vendor\\laravel\\framework\\src\\Illuminate\\Container\\BoundMethod.php(93): Illuminate\\Container\\Util::unwrapIfClosure(Object(Closure))
#16 D:\\GH Repos\\cis-355-intern-project-lara\\vendor\\laravel\\framework\\src\\Illuminate\\Container\\BoundMethod.php(37): Illuminate\\Container\\BoundMethod::callBoundMethod(Object(Illuminate\\Foundation\\Application), Array, Object(Closure))
#17 D:\\GH Repos\\cis-355-intern-project-lara\\vendor\\laravel\\framework\\src\\Illuminate\\Container\\Container.php(610): Illuminate\\Container\\BoundMethod::call(Object(Illuminate\\Foundation\\Application), Array, Array, NULL)
#18 D:\\GH Repos\\cis-355-intern-project-lara\\vendor\\laravel\\framework\\src\\Illuminate\\Foundation\\Application.php(899): Illuminate\\Container\\Container->call(Array)
#19 D:\\GH Repos\\cis-355-intern-project-lara\\vendor\\laravel\\framework\\src\\Illuminate\\Foundation\\Application.php(880): Illuminate\\Foundation\\Application->bootProvider(Object(Facade\\Ignition\\IgnitionServiceProvider))
#20 [internal function]: Illuminate\\Foundation\\Application->Illuminate\\Foundation\\{closure}(Object(Facade\\Ignition\\IgnitionServiceProvider), 15)
#21 D:\\GH Repos\\cis-355-intern-project-lara\\vendor\\laravel\\framework\\src\\Illuminate\\Foundation\\Application.php(881): array_walk(Array, Object(Closure))
#22 D:\\GH Repos\\cis-355-intern-project-lara\\vendor\\laravel\\framework\\src\\Illuminate\\Foundation\\Bootstrap\\BootProviders.php(17): Illuminate\\Foundation\\Application->boot()
#23 D:\\GH Repos\\cis-355-intern-project-lara\\vendor\\laravel\\framework\\src\\Illuminate\\Foundation\\Application.php(237): Illuminate\\Foundation\\Bootstrap\\BootProviders->bootstrap(Object(Illuminate\\Foundation\\Application))
#24 D:\\GH Repos\\cis-355-intern-project-lara\\vendor\\laravel\\framework\\src\\Illuminate\\Foundation\\Console\\Kernel.php(310): Illuminate\\Foundation\\Application->bootstrapWith(Array)
#25 D:\\GH Repos\\cis-355-intern-project-lara\\vendor\\laravel\\framework\\src\\Illuminate\\Foundation\\Console\\Kernel.php(127): Illuminate\\Foundation\\Console\\Kernel->bootstrap()
#26 D:\\GH Repos\\cis-355-intern-project-lara\\artisan(37): Illuminate\\Foundation\\Console\\Kernel->handle(Object(Symfony\\Component\\Console\\Input\\ArgvInput), Object(Symfony\\Component\\Console\\Output\\ConsoleOutput))
#27 {main}
"} 
[2021-03-15 14:24:22] local.ERROR: Please provide a valid cache path. {"exception":"[object] (InvalidArgumentException(code: 0): Please provide a valid cache path. at D:\\GH Repos\\cis-355-intern-project-lara\\vendor\\laravel\\framework\\src\\Illuminate\\View\\Compilers\\Compiler.php:36)
[stacktrace]
#0 D:\\GH Repos\\cis-355-intern-project-lara\\vendor\\laravel\\framework\\src\\Illuminate\\View\\ViewServiceProvider.php(88): Illuminate\\View\\Compilers\\Compiler->__construct(Object(Illuminate\\Filesystem\\Filesystem), false)
#1 D:\\GH Repos\\cis-355-intern-project-lara\\vendor\\laravel\\framework\\src\\Illuminate\\Container\\Container.php(826): Illuminate\\View\\ViewServiceProvider->Illuminate\\View\\{closure}(Object(Illuminate\\Foundation\\Application), Array)
#2 D:\\GH Repos\\cis-355-intern-project-lara\\vendor\\laravel\\framework\\src\\Illuminate\\Container\\Container.php(712): Illuminate\\Container\\Container->build(Object(Closure))
#3 D:\\GH Repos\\cis-355-intern-project-lara\\vendor\\laravel\\framework\\src\\Illuminate\\Foundation\\Application.php(826): Illuminate\\Container\\Container->resolve('blade.compiler', Array, true)
#4 D:\\GH Repos\\cis-355-intern-project-lara\\vendor\\laravel\\framework\\src\\Illuminate\\Container\\Container.php(651): Illuminate\\Foundation\\Application->resolve('blade.compiler', Array)
#5 D:\\GH Repos\\cis-355-intern-project-lara\\vendor\\laravel\\framework\\src\\Illuminate\\Foundation\\Application.php(811): Illuminate\\Container\\Container->make('blade.compiler', Array)
#6 D:\\GH Repos\\cis-355-intern-project-lara\\vendor\\laravel\\framework\\src\\Illuminate\\Container\\Container.php(1354): Illuminate\\Foundation\\Application->make('blade.compiler')
#7 D:\\GH Repos\\cis-355-intern-project-lara\\vendor\\laravel\\framework\\src\\Illuminate\\View\\ViewServiceProvider.php(150): Illuminate\\Container\\Container->offsetGet('blade.compiler')
#8 [internal function]: Illuminate\\View\\ViewServiceProvider->Illuminate\\View\\{closure}()
#9 D:\\GH Repos\\cis-355-intern-project-lara\\vendor\\laravel\\framework\\src\\Illuminate\\View\\Engines\\EngineResolver.php(55): call_user_func(Object(Closure))
#10 D:\\GH Repos\\cis-355-intern-project-lara\\vendor\\facade\\ignition\\src\\IgnitionServiceProvider.php(420): Illuminate\\View\\Engines\\EngineResolver->resolve('blade')
#11 D:\\GH Repos\\cis-355-intern-project-lara\\vendor\\facade\\ignition\\src\\IgnitionServiceProvider.php(139): Facade\\Ignition\\IgnitionServiceProvider->hasCustomViewEnginesRegistered()
#12 D:\\GH Repos\\cis-355-intern-project-lara\\vendor\\facade\\ignition\\src\\IgnitionServiceProvider.php(89): Facade\\Ignition\\IgnitionServiceProvider->registerViewEngines()
#13 D:\\GH Repos\\cis-355-intern-project-lara\\vendor\\laravel\\framework\\src\\Illuminate\\Container\\BoundMethod.php(36): Facade\\Ignition\\IgnitionServiceProvider->boot()
#14 D:\\GH Repos\\cis-355-intern-project-lara\\vendor\\laravel\\framework\\src\\Illuminate\\Container\\Util.php(40): Illuminate\\Container\\BoundMethod::Illuminate\\Container\\{closure}()
#15 D:\\GH Repos\\cis-355-intern-project-lara\\vendor\\laravel\\framework\\src\\Illuminate\\Container\\BoundMethod.php(93): Illuminate\\Container\\Util::unwrapIfClosure(Object(Closure))
#16 D:\\GH Repos\\cis-355-intern-project-lara\\vendor\\laravel\\framework\\src\\Illuminate\\Container\\BoundMethod.php(37): Illuminate\\Container\\BoundMethod::callBoundMethod(Object(Illuminate\\Foundation\\Application), Array, Object(Closure))
#17 D:\\GH Repos\\cis-355-intern-project-lara\\vendor\\laravel\\framework\\src\\Illuminate\\Container\\Container.php(610): Illuminate\\Container\\BoundMethod::call(Object(Illuminate\\Foundation\\Application), Array, Array, NULL)
#18 D:\\GH Repos\\cis-355-intern-project-lara\\vendor\\laravel\\framework\\src\\Illuminate\\Foundation\\Application.php(899): Illuminate\\Container\\Container->call(Array)
#19 D:\\GH Repos\\cis-355-intern-project-lara\\vendor\\laravel\\framework\\src\\Illuminate\\Foundation\\Application.php(880): Illuminate\\Foundation\\Application->bootProvider(Object(Facade\\Ignition\\IgnitionServiceProvider))
#20 [internal function]: Illuminate\\Foundation\\Application->Illuminate\\Foundation\\{closure}(Object(Facade\\Ignition\\IgnitionServiceProvider), 15)
#21 D:\\GH Repos\\cis-355-intern-project-lara\\vendor\\laravel\\framework\\src\\Illuminate\\Foundation\\Application.php(881): array_walk(Array, Object(Closure))
#22 D:\\GH Repos\\cis-355-intern-project-lara\\vendor\\laravel\\framework\\src\\Illuminate\\Foundation\\Bootstrap\\BootProviders.php(17): Illuminate\\Foundation\\Application->boot()
#23 D:\\GH Repos\\cis-355-intern-project-lara\\vendor\\laravel\\framework\\src\\Illuminate\\Foundation\\Application.php(237): Illuminate\\Foundation\\Bootstrap\\BootProviders->bootstrap(Object(Illuminate\\Foundation\\Application))
#24 D:\\GH Repos\\cis-355-intern-project-lara\\vendor\\laravel\\framework\\src\\Illuminate\\Foundation\\Console\\Kernel.php(310): Illuminate\\Foundation\\Application->bootstrapWith(Array)
#25 D:\\GH Repos\\cis-355-intern-project-lara\\vendor\\laravel\\framework\\src\\Illuminate\\Foundation\\Console\\Kernel.php(127): Illuminate\\Foundation\\Console\\Kernel->bootstrap()
#26 D:\\GH Repos\\cis-355-intern-project-lara\\artisan(37): Illuminate\\Foundation\\Console\\Kernel->handle(Object(Symfony\\Component\\Console\\Input\\ArgvInput), Object(Symfony\\Component\\Console\\Output\\ConsoleOutput))
#27 {main}
"} 
[2021-03-15 14:26:14] local.ERROR: require(D:\GH Repos\cis-355-intern-project-lara\routes/api.php): failed to open stream: No such file or directory {"exception":"[object] (ErrorException(code: 0): require(D:\\GH Repos\\cis-355-intern-project-lara\outes/api.php): failed to open stream: No such file or directory at D:\\GH Repos\\cis-355-intern-project-lara\\vendor\\laravel\\framework\\src\\Illuminate\\Routing\\RouteFileRegistrar.php:35)
[stacktrace]
#0 D:\\GH Repos\\cis-355-intern-project-lara\\vendor\\laravel\\framework\\src\\Illuminate\\Routing\\RouteFileRegistrar.php(35): Illuminate\\Foundation\\Bootstrap\\HandleExceptions->handleError(2, 'require(D:\\\\GH R...', 'D:\\\\GH Repos\\\\cis...', 35, Array)
#1 D:\\GH Repos\\cis-355-intern-project-lara\\vendor\\laravel\\framework\\src\\Illuminate\\Routing\\RouteFileRegistrar.php(35): require()
#2 D:\\GH Repos\\cis-355-intern-project-lara\\vendor\\laravel\\framework\\src\\Illuminate\\Routing\\Router.php(425): Illuminate\\Routing\\RouteFileRegistrar->register('D:\\\\GH Repos\\\\cis...')
#3 D:\\GH Repos\\cis-355-intern-project-lara\\vendor\\laravel\\framework\\src\\Illuminate\\Routing\\Router.php(382): Illuminate\\Routing\\Router->loadRoutes('D:\\\\GH Repos\\\\cis...')
#4 D:\\GH Repos\\cis-355-intern-project-lara\\vendor\\laravel\\framework\\src\\Illuminate\\Routing\\RouteRegistrar.php(135): Illuminate\\Routing\\Router->group(Array, 'D:\\\\GH Repos\\\\cis...')
#5 D:\\GH Repos\\cis-355-intern-project-lara\\app\\Providers\\RouteServiceProvider.php(44): Illuminate\\Routing\\RouteRegistrar->group('D:\\\\GH Repos\\\\cis...')
#6 D:\\GH Repos\\cis-355-intern-project-lara\\vendor\\laravel\\framework\\src\\Illuminate\\Container\\BoundMethod.php(36): App\\Providers\\RouteServiceProvider->App\\Providers\\{closure}()
#7 D:\\GH Repos\\cis-355-intern-project-lara\\vendor\\laravel\\framework\\src\\Illuminate\\Container\\Util.php(40): Illuminate\\Container\\BoundMethod::Illuminate\\Container\\{closure}()
#8 D:\\GH Repos\\cis-355-intern-project-lara\\vendor\\laravel\\framework\\src\\Illuminate\\Container\\BoundMethod.php(81): Illuminate\\Container\\Util::unwrapIfClosure(Object(Closure))
#9 D:\\GH Repos\\cis-355-intern-project-lara\\vendor\\laravel\\framework\\src\\Illuminate\\Container\\BoundMethod.php(37): Illuminate\\Container\\BoundMethod::callBoundMethod(Object(Illuminate\\Foundation\\Application), Object(Closure), Object(Closure))
#10 D:\\GH Repos\\cis-355-intern-project-lara\\vendor\\laravel\\framework\\src\\Illuminate\\Container\\Container.php(610): Illuminate\\Container\\BoundMethod::call(Object(Illuminate\\Foundation\\Application), Object(Closure), Array, NULL)
#11 D:\\GH Repos\\cis-355-intern-project-lara\\vendor\\laravel\\framework\\src\\Illuminate\\Foundation\\Support\\Providers\\RouteServiceProvider.php(120): Illuminate\\Container\\Container->call(Object(Closure))
#12 D:\\GH Repos\\cis-355-intern-project-lara\\vendor\\laravel\\framework\\src\\Illuminate\\Foundation\\Support\\Providers\\RouteServiceProvider.php(45): Illuminate\\Foundation\\Support\\Providers\\RouteServiceProvider->loadRoutes()
#13 D:\\GH Repos\\cis-355-intern-project-lara\\vendor\\laravel\\framework\\src\\Illuminate\\Container\\BoundMethod.php(36): Illuminate\\Foundation\\Support\\Providers\\RouteServiceProvider->Illuminate\\Foundation\\Support\\Providers\\{closure}()
#14 D:\\GH Repos\\cis-355-intern-project-lara\\vendor\\laravel\\framework\\src\\Illuminate\\Container\\Util.php(40): Illuminate\\Container\\BoundMethod::Illuminate\\Container\\{closure}()
#15 D:\\GH Repos\\cis-355-intern-project-lara\\vendor\\laravel\\framework\\src\\Illuminate\\Container\\BoundMethod.php(81): Illuminate\\Container\\Util::unwrapIfClosure(Object(Closure))
#16 D:\\GH Repos\\cis-355-intern-project-lara\\vendor\\laravel\\framework\\src\\Illuminate\\Container\\BoundMethod.php(37): Illuminate\\Container\\BoundMethod::callBoundMethod(Object(Illuminate\\Foundation\\Application), Object(Closure), Object(Closure))
#17 D:\\GH Repos\\cis-355-intern-project-lara\\vendor\\laravel\\framework\\src\\Illuminate\\Container\\Container.php(610): Illuminate\\Container\\BoundMethod::call(Object(Illuminate\\Foundation\\Application), Object(Closure), Array, NULL)
#18 D:\\GH Repos\\cis-355-intern-project-lara\\vendor\\laravel\\framework\\src\\Illuminate\\Support\\ServiceProvider.php(113): Illuminate\\Container\\Container->call(Object(Closure))
#19 D:\\GH Repos\\cis-355-intern-project-lara\\vendor\\laravel\\framework\\src\\Illuminate\\Foundation\\Application.php(902): Illuminate\\Support\\ServiceProvider->callBootedCallbacks()
#20 D:\\GH Repos\\cis-355-intern-project-lara\\vendor\\laravel\\framework\\src\\Illuminate\\Foundation\\Application.php(880): Illuminate\\Foundation\\Application->bootProvider(Object(App\\Providers\\RouteServiceProvider))
#21 [internal function]: Illuminate\\Foundation\\Application->Illuminate\\Foundation\\{closure}(Object(App\\Providers\\RouteServiceProvider), 23)
#22 D:\\GH Repos\\cis-355-intern-project-lara\\vendor\\laravel\\framework\\src\\Illuminate\\Foundation\\Application.php(881): array_walk(Array, Object(Closure))
#23 D:\\GH Repos\\cis-355-intern-project-lara\\vendor\\laravel\\framework\\src\\Illuminate\\Foundation\\Bootstrap\\BootProviders.php(17): Illuminate\\Foundation\\Application->boot()
#24 D:\\GH Repos\\cis-355-intern-project-lara\\vendor\\laravel\\framework\\src\\Illuminate\\Foundation\\Application.php(237): Illuminate\\Foundation\\Bootstrap\\BootProviders->bootstrap(Object(Illuminate\\Foundation\\Application))
#25 D:\\GH Repos\\cis-355-intern-project-lara\\vendor\\laravel\\framework\\src\\Illuminate\\Foundation\\Console\\Kernel.php(310): Illuminate\\Foundation\\Application->bootstrapWith(Array)
#26 D:\\GH Repos\\cis-355-intern-project-lara\\vendor\\laravel\\framework\\src\\Illuminate\\Foundation\\Console\\Kernel.php(127): Illuminate\\Foundation\\Console\\Kernel->bootstrap()
#27 D:\\GH Repos\\cis-355-intern-project-lara\\artisan(37): Illuminate\\Foundation\\Console\\Kernel->handle(Object(Symfony\\Component\\Console\\Input\\ArgvInput), Object(Symfony\\Component\\Console\\Output\\ConsoleOutput))
#28 {main}
"} 
[2021-03-15 14:26:35] local.ERROR: require(D:\GH Repos\cis-355-intern-project-lara\routes/api.php): failed to open stream: No such file or directory {"exception":"[object] (ErrorException(code: 0): require(D:\\GH Repos\\cis-355-intern-project-lara\outes/api.php): failed to open stream: No such file or directory at D:\\GH Repos\\cis-355-intern-project-lara\\vendor\\laravel\\framework\\src\\Illuminate\\Routing\\RouteFileRegistrar.php:35)
[stacktrace]
#0 D:\\GH Repos\\cis-355-intern-project-lara\\vendor\\laravel\\framework\\src\\Illuminate\\Routing\\RouteFileRegistrar.php(35): Illuminate\\Foundation\\Bootstrap\\HandleExceptions->handleError(2, 'require(D:\\\\GH R...', 'D:\\\\GH Repos\\\\cis...', 35, Array)
#1 D:\\GH Repos\\cis-355-intern-project-lara\\vendor\\laravel\\framework\\src\\Illuminate\\Routing\\RouteFileRegistrar.php(35): require()
#2 D:\\GH Repos\\cis-355-intern-project-lara\\vendor\\laravel\\framework\\src\\Illuminate\\Routing\\Router.php(425): Illuminate\\Routing\\RouteFileRegistrar->register('D:\\\\GH Repos\\\\cis...')
#3 D:\\GH Repos\\cis-355-intern-project-lara\\vendor\\laravel\\framework\\src\\Illuminate\\Routing\\Router.php(382): Illuminate\\Routing\\Router->loadRoutes('D:\\\\GH Repos\\\\cis...')
#4 D:\\GH Repos\\cis-355-intern-project-lara\\vendor\\laravel\\framework\\src\\Illuminate\\Routing\\RouteRegistrar.php(135): Illuminate\\Routing\\Router->group(Array, 'D:\\\\GH Repos\\\\cis...')
#5 D:\\GH Repos\\cis-355-intern-project-lara\\app\\Providers\\RouteServiceProvider.php(44): Illuminate\\Routing\\RouteRegistrar->group('D:\\\\GH Repos\\\\cis...')
#6 D:\\GH Repos\\cis-355-intern-project-lara\\vendor\\laravel\\framework\\src\\Illuminate\\Container\\BoundMethod.php(36): App\\Providers\\RouteServiceProvider->App\\Providers\\{closure}()
#7 D:\\GH Repos\\cis-355-intern-project-lara\\vendor\\laravel\\framework\\src\\Illuminate\\Container\\Util.php(40): Illuminate\\Container\\BoundMethod::Illuminate\\Container\\{closure}()
#8 D:\\GH Repos\\cis-355-intern-project-lara\\vendor\\laravel\\framework\\src\\Illuminate\\Container\\BoundMethod.php(81): Illuminate\\Container\\Util::unwrapIfClosure(Object(Closure))
#9 D:\\GH Repos\\cis-355-intern-project-lara\\vendor\\laravel\\framework\\src\\Illuminate\\Container\\BoundMethod.php(37): Illuminate\\Container\\BoundMethod::callBoundMethod(Object(Illuminate\\Foundation\\Application), Object(Closure), Object(Closure))
#10 D:\\GH Repos\\cis-355-intern-project-lara\\vendor\\laravel\\framework\\src\\Illuminate\\Container\\Container.php(610): Illuminate\\Container\\BoundMethod::call(Object(Illuminate\\Foundation\\Application), Object(Closure), Array, NULL)
#11 D:\\GH Repos\\cis-355-intern-project-lara\\vendor\\laravel\\framework\\src\\Illuminate\\Foundation\\Support\\Providers\\RouteServiceProvider.php(120): Illuminate\\Container\\Container->call(Object(Closure))
#12 D:\\GH Repos\\cis-355-intern-project-lara\\vendor\\laravel\\framework\\src\\Illuminate\\Foundation\\Support\\Providers\\RouteServiceProvider.php(45): Illuminate\\Foundation\\Support\\Providers\\RouteServiceProvider->loadRoutes()
#13 D:\\GH Repos\\cis-355-intern-project-lara\\vendor\\laravel\\framework\\src\\Illuminate\\Container\\BoundMethod.php(36): Illuminate\\Foundation\\Support\\Providers\\RouteServiceProvider->Illuminate\\Foundation\\Support\\Providers\\{closure}()
#14 D:\\GH Repos\\cis-355-intern-project-lara\\vendor\\laravel\\framework\\src\\Illuminate\\Container\\Util.php(40): Illuminate\\Container\\BoundMethod::Illuminate\\Container\\{closure}()
#15 D:\\GH Repos\\cis-355-intern-project-lara\\vendor\\laravel\\framework\\src\\Illuminate\\Container\\BoundMethod.php(81): Illuminate\\Container\\Util::unwrapIfClosure(Object(Closure))
#16 D:\\GH Repos\\cis-355-intern-project-lara\\vendor\\laravel\\framework\\src\\Illuminate\\Container\\BoundMethod.php(37): Illuminate\\Container\\BoundMethod::callBoundMethod(Object(Illuminate\\Foundation\\Application), Object(Closure), Object(Closure))
#17 D:\\GH Repos\\cis-355-intern-project-lara\\vendor\\laravel\\framework\\src\\Illuminate\\Container\\Container.php(610): Illuminate\\Container\\BoundMethod::call(Object(Illuminate\\Foundation\\Application), Object(Closure), Array, NULL)
#18 D:\\GH Repos\\cis-355-intern-project-lara\\vendor\\laravel\\framework\\src\\Illuminate\\Support\\ServiceProvider.php(113): Illuminate\\Container\\Container->call(Object(Closure))
#19 D:\\GH Repos\\cis-355-intern-project-lara\\vendor\\laravel\\framework\\src\\Illuminate\\Foundation\\Application.php(902): Illuminate\\Support\\ServiceProvider->callBootedCallbacks()
#20 D:\\GH Repos\\cis-355-intern-project-lara\\vendor\\laravel\\framework\\src\\Illuminate\\Foundation\\Application.php(880): Illuminate\\Foundation\\Application->bootProvider(Object(App\\Providers\\RouteServiceProvider))
#21 [internal function]: Illuminate\\Foundation\\Application->Illuminate\\Foundation\\{closure}(Object(App\\Providers\\RouteServiceProvider), 23)
#22 D:\\GH Repos\\cis-355-intern-project-lara\\vendor\\laravel\\framework\\src\\Illuminate\\Foundation\\Application.php(881): array_walk(Array, Object(Closure))
#23 D:\\GH Repos\\cis-355-intern-project-lara\\vendor\\laravel\\framework\\src\\Illuminate\\Foundation\\Bootstrap\\BootProviders.php(17): Illuminate\\Foundation\\Application->boot()
#24 D:\\GH Repos\\cis-355-intern-project-lara\\vendor\\laravel\\framework\\src\\Illuminate\\Foundation\\Application.php(237): Illuminate\\Foundation\\Bootstrap\\BootProviders->bootstrap(Object(Illuminate\\Foundation\\Application))
#25 D:\\GH Repos\\cis-355-intern-project-lara\\vendor\\laravel\\framework\\src\\Illuminate\\Foundation\\Console\\Kernel.php(310): Illuminate\\Foundation\\Application->bootstrapWith(Array)
#26 D:\\GH Repos\\cis-355-intern-project-lara\\vendor\\laravel\\framework\\src\\Illuminate\\Foundation\\Console\\Kernel.php(127): Illuminate\\Foundation\\Console\\Kernel->bootstrap()
#27 D:\\GH Repos\\cis-355-intern-project-lara\\artisan(37): Illuminate\\Foundation\\Console\\Kernel->handle(Object(Symfony\\Component\\Console\\Input\\ArgvInput), Object(Symfony\\Component\\Console\\Output\\ConsoleOutput))
#28 {main}
"} 
